c:\users\alejandro\desktop\proyectos\uni\graficas 3\proyecto1\release\basicdemo.ipdb
c:\users\alejandro\desktop\proyectos\uni\graficas 3\proyecto1\release\basicdemo.iobj
f:\uni\graficas 3\tarea 1\basicdemo\release\vc141.pdb
c:\users\alejandro\desktop\proyectos\uni\graficas 3\proyecto1\basicdemo\release\vc142.pdb
c:\users\alejandro\desktop\proyectos\uni\graficas 3\proyecto1\basicdemo\release\stb_image.obj
c:\users\alejandro\desktop\proyectos\uni\graficas 3\proyecto1\basicdemo\release\shader.obj
c:\users\alejandro\desktop\proyectos\uni\graficas 3\proyecto1\basicdemo\release\main.obj
c:\users\alejandro\desktop\proyectos\uni\graficas 3\proyecto1\basicdemo\release\obj.obj
c:\users\alejandro\desktop\proyectos\uni\graficas 3\proyecto1\basicdemo\release\loader.obj
c:\users\alejandro\desktop\proyectos\uni\graficas 3\proyecto1\basicdemo\release\camera.obj
c:\users\alejandro\desktop\proyectos\uni\graficas 3\proyecto1\basicdemo\release\glad.obj
c:\users\alejandro\desktop\proyectos\uni\graficas 3\proyecto1\basicdemo\release\maingpu.obj
c:\users\alejandro\desktop\proyectos\uni\graficas 3\proyecto1\release\basicdemo.exe
c:\users\alejandro\desktop\proyectos\uni\graficas 3\proyecto1\release\basicdemo.pdb
c:\users\alejandro\desktop\proyectos\uni\graficas 3\proyecto1\basicdemo\release\vc141.pdb
c:\users\alejandro\desktop\proyectos\uni\graficas 3\proyecto1\basicdemo\release\basicdemo.tlog\basicdemo.write.1u.tlog
c:\users\alejandro\desktop\proyectos\uni\graficas 3\proyecto1\basicdemo\release\basicdemo.tlog\cl.command.1.tlog
c:\users\alejandro\desktop\proyectos\uni\graficas 3\proyecto1\basicdemo\release\basicdemo.tlog\cl.read.1.tlog
c:\users\alejandro\desktop\proyectos\uni\graficas 3\proyecto1\basicdemo\release\basicdemo.tlog\cl.write.1.tlog
c:\users\alejandro\desktop\proyectos\uni\graficas 3\proyecto1\basicdemo\release\basicdemo.tlog\link.command.1.tlog
c:\users\alejandro\desktop\proyectos\uni\graficas 3\proyecto1\basicdemo\release\basicdemo.tlog\link.delete.1.tlog
c:\users\alejandro\desktop\proyectos\uni\graficas 3\proyecto1\basicdemo\release\basicdemo.tlog\link.read.1.tlog
c:\users\alejandro\desktop\proyectos\uni\graficas 3\proyecto1\basicdemo\release\basicdemo.tlog\link.write.1.tlog
